{"tag": "runnerRuntimeLog", "ts": 1521183198.949, "value": {"content": "Connecting to host at: ('localhost', 5001)"}}
{"tag": "runnerRuntimeLog", "ts": 1521183198.959, "value": {"content": "<poco.utils.simplerpc.transport.tcp.asynctcp.Client localhost:5001 at 0xa7f4cc8> is connected"}}
{"tag": "runnerRuntimeLog", "ts": 1521183198.959, "value": {"content": "waiting for connection...0"}}
{"tag": "record", "ts": 1521183203.977, "value": {"orientation": "horizontal", "resolution": [1920, 1080], "event": "started", "filename": "screen.mp4"}}
{"tag": "trace", "ts": 1521183203.979, "value": {"lineno": 8, "filename": "long_click.py"}}
{"tag": "action", "ts": 1521183204.02, "value": {"action": "bounding", "tid": 176179184, "bounds": [0.301620379, 0.552395832, 0.409490749, 0.447604168]}}
{"tag": "action", "ts": 1521183204.021, "value": {"origin": [0.5, 0.355555564], "srcfilename": "D:/repository/poco/poco/drivers/unity3d/test/tutorial/long_click.py", "tid": 176179184, "lineno": 8, "action": "click", "targetDescription": "UIObjectProxy of \"btn_start\""}}
{"tag": "action", "ts": 1521183205.486, "value": {"action": "clear", "tid": 176179184}}
{"tag": "trace", "ts": 1521183205.486, "value": {"lineno": 9, "filename": "long_click.py"}}
{"tag": "action", "ts": 1521183205.527, "value": {"action": "bounding", "tid": 176179184, "bounds": [0.16296296999999998, 0.212239585, 0.26296297, 0.090885415]}}
{"tag": "action", "ts": 1521183205.527, "value": {"origin": [0.1515625, 0.21296297], "srcfilename": "D:/repository/poco/poco/drivers/unity3d/test/tutorial/long_click.py", "tid": 176179184, "lineno": 9, "action": "click", "targetDescription": "UIObjectProxy of \"basic\""}}
{"tag": "action", "ts": 1521183205.737, "value": {"action": "clear", "tid": 176179184}}
{"tag": "trace", "ts": 1521183205.737, "value": {"lineno": 10, "filename": "long_click.py"}}
{"tag": "action", "ts": 1521183205.768, "value": {"action": "bounding", "tid": 176179184, "bounds": [0.184259261, 0.5661458149999999, 0.41574073899999997, 0.43593748699999996]}}
{"tag": "action", "ts": 1521183205.768, "value": {"origin": [0.501041651, 0.3], "srcfilename": "D:/repository/poco/poco/drivers/unity3d/test/tutorial/long_click.py", "tid": 176179184, "lineno": 10, "action": "click", "targetDescription": "UIObjectProxy of \"star_single\""}}
{"tag": "action", "ts": 1521183207.869, "value": {"action": "clear", "tid": 176179184}}
{"tag": "trace", "ts": 1521183207.87, "value": {"lineno": 11, "filename": "long_click.py"}}
{"tag": "action", "ts": 1521183207.906, "value": {"action": "bounding", "tid": 176179184, "bounds": [0.184259261, 0.5661458149999999, 0.41574073899999997, 0.43593748699999996]}}
{"tag": "action", "ts": 1521183207.906, "value": {"origin": [0.501041651, 0.3], "srcfilename": "D:/repository/poco/poco/drivers/unity3d/test/tutorial/long_click.py", "tid": 176179184, "lineno": 11, "action": "click", "targetDescription": "UIObjectProxy of \"star_single\""}}
{"tag": "action", "ts": 1521183213.007, "value": {"action": "clear", "tid": 176179184}}
{"tag": "record", "ts": 1521183213.008, "value": {"event": "stopped"}}
{"tag": "runnerRuntimeLog", "ts": 1521183215.136, "value": {"content": "EndOfStream: 176233160"}}
{"tag": "runnerRuntimeLog", "ts": 1521183216.352, "value": {"content": "exiting......."}}
{"tag": "runnerRuntimeLog", "ts": 1521183216.374, "value": {"content": "<LoopThread(simplerpc_update, started daemon 7184)> finished"}}
